<?xml version="1.0" encoding="UTF-8"?>
<testsuite xmlns:xsi="http://www.w3.org/2001/XMLSchema-instance" xsi:noNamespaceSchemaLocation="https://maven.apache.org/surefire/maven-surefire-plugin/xsd/surefire-test-report-3.0.xsd" version="3.0" name="inf112.skeleton.app.model.audio.MusicEventTest" time="0.083" tests="2" errors="0" skipped="0" failures="0">
  <properties>
    <property name="java.specification.version" value="19"/>
    <property name="sun.jnu.encoding" value="UTF-8"/>
    <property name="java.class.path" value="/Users/njalpedersen/Documents/Dokumenter – njåls MacBook Pro/4. semester/INF112/java-jedi/target/test-classes:/Users/njalpedersen/Documents/Dokumenter – njåls MacBook Pro/4. semester/INF112/java-jedi/target/classes:/Users/njalpedersen/.m2/repository/com/badlogicgames/gdx/gdx/1.12.1/gdx-1.12.1.jar:/Users/njalpedersen/.m2/repository/com/badlogicgames/gdx/gdx-jnigen-loader/2.3.1/gdx-jnigen-loader-2.3.1.jar:/Users/njalpedersen/.m2/repository/com/badlogicgames/gdx/gdx-box2d/1.12.1/gdx-box2d-1.12.1.jar:/Users/njalpedersen/.m2/repository/com/badlogicgames/gdx/gdx-platform/1.12.1/gdx-platform-1.12.1-natives-desktop.jar:/Users/njalpedersen/.m2/repository/com/badlogicgames/gdx/gdx-backend-lwjgl3/1.12.1/gdx-backend-lwjgl3-1.12.1.jar:/Users/njalpedersen/.m2/repository/org/lwjgl/lwjgl/3.3.3/lwjgl-3.3.3.jar:/Users/njalpedersen/.m2/repository/org/lwjgl/lwjgl/3.3.3/lwjgl-3.3.3-natives-linux.jar:/Users/njalpedersen/.m2/repository/org/lwjgl/lwjgl/3.3.3/lwjgl-3.3.3-natives-linux-arm32.jar:/Users/njalpedersen/.m2/repository/org/lwjgl/lwjgl/3.3.3/lwjgl-3.3.3-natives-linux-arm64.jar:/Users/njalpedersen/.m2/repository/org/lwjgl/lwjgl/3.3.3/lwjgl-3.3.3-natives-macos.jar:/Users/njalpedersen/.m2/repository/org/lwjgl/lwjgl/3.3.3/lwjgl-3.3.3-natives-macos-arm64.jar:/Users/njalpedersen/.m2/repository/org/lwjgl/lwjgl/3.3.3/lwjgl-3.3.3-natives-windows.jar:/Users/njalpedersen/.m2/repository/org/lwjgl/lwjgl/3.3.3/lwjgl-3.3.3-natives-windows-x86.jar:/Users/njalpedersen/.m2/repository/org/lwjgl/lwjgl-glfw/3.3.3/lwjgl-glfw-3.3.3.jar:/Users/njalpedersen/.m2/repository/org/lwjgl/lwjgl-glfw/3.3.3/lwjgl-glfw-3.3.3-natives-linux.jar:/Users/njalpedersen/.m2/repository/org/lwjgl/lwjgl-glfw/3.3.3/lwjgl-glfw-3.3.3-natives-linux-arm32.jar:/Users/njalpedersen/.m2/repository/org/lwjgl/lwjgl-glfw/3.3.3/lwjgl-glfw-3.3.3-natives-linux-arm64.jar:/Users/njalpedersen/.m2/repository/org/lwjgl/lwjgl-glfw/3.3.3/lwjgl-glfw-3.3.3-natives-macos.jar:/Users/njalpedersen/.m2/repository/org/lwjgl/lwjgl-glfw/3.3.3/lwjgl-glfw-3.3.3-natives-macos-arm64.jar:/Users/njalpedersen/.m2/repository/org/lwjgl/lwjgl-glfw/3.3.3/lwjgl-glfw-3.3.3-natives-windows.jar:/Users/njalpedersen/.m2/repository/org/lwjgl/lwjgl-glfw/3.3.3/lwjgl-glfw-3.3.3-natives-windows-x86.jar:/Users/njalpedersen/.m2/repository/org/lwjgl/lwjgl-jemalloc/3.3.3/lwjgl-jemalloc-3.3.3.jar:/Users/njalpedersen/.m2/repository/org/lwjgl/lwjgl-jemalloc/3.3.3/lwjgl-jemalloc-3.3.3-natives-linux.jar:/Users/njalpedersen/.m2/repository/org/lwjgl/lwjgl-jemalloc/3.3.3/lwjgl-jemalloc-3.3.3-natives-linux-arm32.jar:/Users/njalpedersen/.m2/repository/org/lwjgl/lwjgl-jemalloc/3.3.3/lwjgl-jemalloc-3.3.3-natives-linux-arm64.jar:/Users/njalpedersen/.m2/repository/org/lwjgl/lwjgl-jemalloc/3.3.3/lwjgl-jemalloc-3.3.3-natives-macos.jar:/Users/njalpedersen/.m2/repository/org/lwjgl/lwjgl-jemalloc/3.3.3/lwjgl-jemalloc-3.3.3-natives-macos-arm64.jar:/Users/njalpedersen/.m2/repository/org/lwjgl/lwjgl-jemalloc/3.3.3/lwjgl-jemalloc-3.3.3-natives-windows.jar:/Users/njalpedersen/.m2/repository/org/lwjgl/lwjgl-jemalloc/3.3.3/lwjgl-jemalloc-3.3.3-natives-windows-x86.jar:/Users/njalpedersen/.m2/repository/org/lwjgl/lwjgl-openal/3.3.3/lwjgl-openal-3.3.3.jar:/Users/njalpedersen/.m2/repository/org/lwjgl/lwjgl-openal/3.3.3/lwjgl-openal-3.3.3-natives-linux.jar:/Users/njalpedersen/.m2/repository/org/lwjgl/lwjgl-openal/3.3.3/lwjgl-openal-3.3.3-natives-linux-arm32.jar:/Users/njalpedersen/.m2/repository/org/lwjgl/lwjgl-openal/3.3.3/lwjgl-openal-3.3.3-natives-linux-arm64.jar:/Users/njalpedersen/.m2/repository/org/lwjgl/lwjgl-openal/3.3.3/lwjgl-openal-3.3.3-natives-macos.jar:/Users/njalpedersen/.m2/repository/org/lwjgl/lwjgl-openal/3.3.3/lwjgl-openal-3.3.3-natives-macos-arm64.jar:/Users/njalpedersen/.m2/repository/org/lwjgl/lwjgl-openal/3.3.3/lwjgl-openal-3.3.3-natives-windows.jar:/Users/njalpedersen/.m2/repository/org/lwjgl/lwjgl-openal/3.3.3/lwjgl-openal-3.3.3-natives-windows-x86.jar:/Users/njalpedersen/.m2/repository/org/lwjgl/lwjgl-opengl/3.3.3/lwjgl-opengl-3.3.3.jar:/Users/njalpedersen/.m2/repository/org/lwjgl/lwjgl-opengl/3.3.3/lwjgl-opengl-3.3.3-natives-linux.jar:/Users/njalpedersen/.m2/repository/org/lwjgl/lwjgl-opengl/3.3.3/lwjgl-opengl-3.3.3-natives-linux-arm32.jar:/Users/njalpedersen/.m2/repository/org/lwjgl/lwjgl-opengl/3.3.3/lwjgl-opengl-3.3.3-natives-linux-arm64.jar:/Users/njalpedersen/.m2/repository/org/lwjgl/lwjgl-opengl/3.3.3/lwjgl-opengl-3.3.3-natives-macos.jar:/Users/njalpedersen/.m2/repository/org/lwjgl/lwjgl-opengl/3.3.3/lwjgl-opengl-3.3.3-natives-macos-arm64.jar:/Users/njalpedersen/.m2/repository/org/lwjgl/lwjgl-opengl/3.3.3/lwjgl-opengl-3.3.3-natives-windows.jar:/Users/njalpedersen/.m2/repository/org/lwjgl/lwjgl-opengl/3.3.3/lwjgl-opengl-3.3.3-natives-windows-x86.jar:/Users/njalpedersen/.m2/repository/org/lwjgl/lwjgl-stb/3.3.3/lwjgl-stb-3.3.3.jar:/Users/njalpedersen/.m2/repository/org/lwjgl/lwjgl-stb/3.3.3/lwjgl-stb-3.3.3-natives-linux.jar:/Users/njalpedersen/.m2/repository/org/lwjgl/lwjgl-stb/3.3.3/lwjgl-stb-3.3.3-natives-linux-arm32.jar:/Users/njalpedersen/.m2/repository/org/lwjgl/lwjgl-stb/3.3.3/lwjgl-stb-3.3.3-natives-linux-arm64.jar:/Users/njalpedersen/.m2/repository/org/lwjgl/lwjgl-stb/3.3.3/lwjgl-stb-3.3.3-natives-macos.jar:/Users/njalpedersen/.m2/repository/org/lwjgl/lwjgl-stb/3.3.3/lwjgl-stb-3.3.3-natives-macos-arm64.jar:/Users/njalpedersen/.m2/repository/org/lwjgl/lwjgl-stb/3.3.3/lwjgl-stb-3.3.3-natives-windows.jar:/Users/njalpedersen/.m2/repository/org/lwjgl/lwjgl-stb/3.3.3/lwjgl-stb-3.3.3-natives-windows-x86.jar:/Users/njalpedersen/.m2/repository/com/badlogicgames/jlayer/jlayer/1.0.1-gdx/jlayer-1.0.1-gdx.jar:/Users/njalpedersen/.m2/repository/org/jcraft/jorbis/0.0.17/jorbis-0.0.17.jar:/Users/njalpedersen/.m2/repository/com/badlogicgames/gdx/gdx-backend-headless/1.12.1/gdx-backend-headless-1.12.1.jar:/Users/njalpedersen/.m2/repository/org/junit/jupiter/junit-jupiter/5.10.2/junit-jupiter-5.10.2.jar:/Users/njalpedersen/.m2/repository/org/junit/jupiter/junit-jupiter-api/5.10.2/junit-jupiter-api-5.10.2.jar:/Users/njalpedersen/.m2/repository/org/opentest4j/opentest4j/1.3.0/opentest4j-1.3.0.jar:/Users/njalpedersen/.m2/repository/org/junit/platform/junit-platform-commons/1.10.2/junit-platform-commons-1.10.2.jar:/Users/njalpedersen/.m2/repository/org/apiguardian/apiguardian-api/1.1.2/apiguardian-api-1.1.2.jar:/Users/njalpedersen/.m2/repository/org/junit/jupiter/junit-jupiter-params/5.10.2/junit-jupiter-params-5.10.2.jar:/Users/njalpedersen/.m2/repository/org/junit/jupiter/junit-jupiter-engine/5.10.2/junit-jupiter-engine-5.10.2.jar:/Users/njalpedersen/.m2/repository/org/junit/platform/junit-platform-engine/1.10.2/junit-platform-engine-1.10.2.jar:/Users/njalpedersen/.m2/repository/org/slf4j/slf4j-api/2.0.11/slf4j-api-2.0.11.jar:/Users/njalpedersen/.m2/repository/org/slf4j/slf4j-simple/2.0.11/slf4j-simple-2.0.11.jar:/Users/njalpedersen/.m2/repository/com/badlogicgames/gdx/gdx-box2d-platform/1.12.1/gdx-box2d-platform-1.12.1-natives-desktop.jar:/Users/njalpedersen/.m2/repository/junit/junit/4.13.2/junit-4.13.2.jar:/Users/njalpedersen/.m2/repository/org/hamcrest/hamcrest-core/1.3/hamcrest-core-1.3.jar:/Users/njalpedersen/.m2/repository/org/mockito/mockito-core/5.11.0/mockito-core-5.11.0.jar:/Users/njalpedersen/.m2/repository/net/bytebuddy/byte-buddy/1.14.12/byte-buddy-1.14.12.jar:/Users/njalpedersen/.m2/repository/net/bytebuddy/byte-buddy-agent/1.14.12/byte-buddy-agent-1.14.12.jar:/Users/njalpedersen/.m2/repository/org/objenesis/objenesis/3.3/objenesis-3.3.jar:/Users/njalpedersen/.m2/repository/com/badlogicgames/gdx/gdx-lwjgl3-glfw-awt-macos/1.12.1/gdx-lwjgl3-glfw-awt-macos-1.12.1.jar:"/>
    <property name="java.vm.vendor" value="Homebrew"/>
    <property name="sun.arch.data.model" value="64"/>
    <property name="java.vendor.url" value="https://github.com/Homebrew/homebrew-core/issues"/>
    <property name="user.timezone" value="Europe/Oslo"/>
    <property name="os.name" value="Mac OS X"/>
    <property name="java.vm.specification.version" value="19"/>
    <property name="sun.java.launcher" value="SUN_STANDARD"/>
    <property name="user.country" value="NO"/>
    <property name="sun.boot.library.path" value="/opt/homebrew/Cellar/openjdk/19.0.2/libexec/openjdk.jdk/Contents/Home/lib"/>
    <property name="sun.java.command" value="/Users/njalpedersen/Documents/Dokumenter – njåls MacBook Pro/4. semester/INF112/java-jedi/target/surefire/surefirebooter-20240503051108549_3.jar /Users/njalpedersen/Documents/Dokumenter – njåls MacBook Pro/4. semester/INF112/java-jedi/target/surefire 2024-05-03T05-11-08_495-jvmRun1 surefire-20240503051108549_1tmp surefire_0-20240503051108549_2tmp"/>
    <property name="http.nonProxyHosts" value="local|*.local|169.254/16|*.169.254/16"/>
    <property name="jdk.debug" value="release"/>
    <property name="surefire.test.class.path" value="/Users/njalpedersen/Documents/Dokumenter – njåls MacBook Pro/4. semester/INF112/java-jedi/target/test-classes:/Users/njalpedersen/Documents/Dokumenter – njåls MacBook Pro/4. semester/INF112/java-jedi/target/classes:/Users/njalpedersen/.m2/repository/com/badlogicgames/gdx/gdx/1.12.1/gdx-1.12.1.jar:/Users/njalpedersen/.m2/repository/com/badlogicgames/gdx/gdx-jnigen-loader/2.3.1/gdx-jnigen-loader-2.3.1.jar:/Users/njalpedersen/.m2/repository/com/badlogicgames/gdx/gdx-box2d/1.12.1/gdx-box2d-1.12.1.jar:/Users/njalpedersen/.m2/repository/com/badlogicgames/gdx/gdx-platform/1.12.1/gdx-platform-1.12.1-natives-desktop.jar:/Users/njalpedersen/.m2/repository/com/badlogicgames/gdx/gdx-backend-lwjgl3/1.12.1/gdx-backend-lwjgl3-1.12.1.jar:/Users/njalpedersen/.m2/repository/org/lwjgl/lwjgl/3.3.3/lwjgl-3.3.3.jar:/Users/njalpedersen/.m2/repository/org/lwjgl/lwjgl/3.3.3/lwjgl-3.3.3-natives-linux.jar:/Users/njalpedersen/.m2/repository/org/lwjgl/lwjgl/3.3.3/lwjgl-3.3.3-natives-linux-arm32.jar:/Users/njalpedersen/.m2/repository/org/lwjgl/lwjgl/3.3.3/lwjgl-3.3.3-natives-linux-arm64.jar:/Users/njalpedersen/.m2/repository/org/lwjgl/lwjgl/3.3.3/lwjgl-3.3.3-natives-macos.jar:/Users/njalpedersen/.m2/repository/org/lwjgl/lwjgl/3.3.3/lwjgl-3.3.3-natives-macos-arm64.jar:/Users/njalpedersen/.m2/repository/org/lwjgl/lwjgl/3.3.3/lwjgl-3.3.3-natives-windows.jar:/Users/njalpedersen/.m2/repository/org/lwjgl/lwjgl/3.3.3/lwjgl-3.3.3-natives-windows-x86.jar:/Users/njalpedersen/.m2/repository/org/lwjgl/lwjgl-glfw/3.3.3/lwjgl-glfw-3.3.3.jar:/Users/njalpedersen/.m2/repository/org/lwjgl/lwjgl-glfw/3.3.3/lwjgl-glfw-3.3.3-natives-linux.jar:/Users/njalpedersen/.m2/repository/org/lwjgl/lwjgl-glfw/3.3.3/lwjgl-glfw-3.3.3-natives-linux-arm32.jar:/Users/njalpedersen/.m2/repository/org/lwjgl/lwjgl-glfw/3.3.3/lwjgl-glfw-3.3.3-natives-linux-arm64.jar:/Users/njalpedersen/.m2/repository/org/lwjgl/lwjgl-glfw/3.3.3/lwjgl-glfw-3.3.3-natives-macos.jar:/Users/njalpedersen/.m2/repository/org/lwjgl/lwjgl-glfw/3.3.3/lwjgl-glfw-3.3.3-natives-macos-arm64.jar:/Users/njalpedersen/.m2/repository/org/lwjgl/lwjgl-glfw/3.3.3/lwjgl-glfw-3.3.3-natives-windows.jar:/Users/njalpedersen/.m2/repository/org/lwjgl/lwjgl-glfw/3.3.3/lwjgl-glfw-3.3.3-natives-windows-x86.jar:/Users/njalpedersen/.m2/repository/org/lwjgl/lwjgl-jemalloc/3.3.3/lwjgl-jemalloc-3.3.3.jar:/Users/njalpedersen/.m2/repository/org/lwjgl/lwjgl-jemalloc/3.3.3/lwjgl-jemalloc-3.3.3-natives-linux.jar:/Users/njalpedersen/.m2/repository/org/lwjgl/lwjgl-jemalloc/3.3.3/lwjgl-jemalloc-3.3.3-natives-linux-arm32.jar:/Users/njalpedersen/.m2/repository/org/lwjgl/lwjgl-jemalloc/3.3.3/lwjgl-jemalloc-3.3.3-natives-linux-arm64.jar:/Users/njalpedersen/.m2/repository/org/lwjgl/lwjgl-jemalloc/3.3.3/lwjgl-jemalloc-3.3.3-natives-macos.jar:/Users/njalpedersen/.m2/repository/org/lwjgl/lwjgl-jemalloc/3.3.3/lwjgl-jemalloc-3.3.3-natives-macos-arm64.jar:/Users/njalpedersen/.m2/repository/org/lwjgl/lwjgl-jemalloc/3.3.3/lwjgl-jemalloc-3.3.3-natives-windows.jar:/Users/njalpedersen/.m2/repository/org/lwjgl/lwjgl-jemalloc/3.3.3/lwjgl-jemalloc-3.3.3-natives-windows-x86.jar:/Users/njalpedersen/.m2/repository/org/lwjgl/lwjgl-openal/3.3.3/lwjgl-openal-3.3.3.jar:/Users/njalpedersen/.m2/repository/org/lwjgl/lwjgl-openal/3.3.3/lwjgl-openal-3.3.3-natives-linux.jar:/Users/njalpedersen/.m2/repository/org/lwjgl/lwjgl-openal/3.3.3/lwjgl-openal-3.3.3-natives-linux-arm32.jar:/Users/njalpedersen/.m2/repository/org/lwjgl/lwjgl-openal/3.3.3/lwjgl-openal-3.3.3-natives-linux-arm64.jar:/Users/njalpedersen/.m2/repository/org/lwjgl/lwjgl-openal/3.3.3/lwjgl-openal-3.3.3-natives-macos.jar:/Users/njalpedersen/.m2/repository/org/lwjgl/lwjgl-openal/3.3.3/lwjgl-openal-3.3.3-natives-macos-arm64.jar:/Users/njalpedersen/.m2/repository/org/lwjgl/lwjgl-openal/3.3.3/lwjgl-openal-3.3.3-natives-windows.jar:/Users/njalpedersen/.m2/repository/org/lwjgl/lwjgl-openal/3.3.3/lwjgl-openal-3.3.3-natives-windows-x86.jar:/Users/njalpedersen/.m2/repository/org/lwjgl/lwjgl-opengl/3.3.3/lwjgl-opengl-3.3.3.jar:/Users/njalpedersen/.m2/repository/org/lwjgl/lwjgl-opengl/3.3.3/lwjgl-opengl-3.3.3-natives-linux.jar:/Users/njalpedersen/.m2/repository/org/lwjgl/lwjgl-opengl/3.3.3/lwjgl-opengl-3.3.3-natives-linux-arm32.jar:/Users/njalpedersen/.m2/repository/org/lwjgl/lwjgl-opengl/3.3.3/lwjgl-opengl-3.3.3-natives-linux-arm64.jar:/Users/njalpedersen/.m2/repository/org/lwjgl/lwjgl-opengl/3.3.3/lwjgl-opengl-3.3.3-natives-macos.jar:/Users/njalpedersen/.m2/repository/org/lwjgl/lwjgl-opengl/3.3.3/lwjgl-opengl-3.3.3-natives-macos-arm64.jar:/Users/njalpedersen/.m2/repository/org/lwjgl/lwjgl-opengl/3.3.3/lwjgl-opengl-3.3.3-natives-windows.jar:/Users/njalpedersen/.m2/repository/org/lwjgl/lwjgl-opengl/3.3.3/lwjgl-opengl-3.3.3-natives-windows-x86.jar:/Users/njalpedersen/.m2/repository/org/lwjgl/lwjgl-stb/3.3.3/lwjgl-stb-3.3.3.jar:/Users/njalpedersen/.m2/repository/org/lwjgl/lwjgl-stb/3.3.3/lwjgl-stb-3.3.3-natives-linux.jar:/Users/njalpedersen/.m2/repository/org/lwjgl/lwjgl-stb/3.3.3/lwjgl-stb-3.3.3-natives-linux-arm32.jar:/Users/njalpedersen/.m2/repository/org/lwjgl/lwjgl-stb/3.3.3/lwjgl-stb-3.3.3-natives-linux-arm64.jar:/Users/njalpedersen/.m2/repository/org/lwjgl/lwjgl-stb/3.3.3/lwjgl-stb-3.3.3-natives-macos.jar:/Users/njalpedersen/.m2/repository/org/lwjgl/lwjgl-stb/3.3.3/lwjgl-stb-3.3.3-natives-macos-arm64.jar:/Users/njalpedersen/.m2/repository/org/lwjgl/lwjgl-stb/3.3.3/lwjgl-stb-3.3.3-natives-windows.jar:/Users/njalpedersen/.m2/repository/org/lwjgl/lwjgl-stb/3.3.3/lwjgl-stb-3.3.3-natives-windows-x86.jar:/Users/njalpedersen/.m2/repository/com/badlogicgames/jlayer/jlayer/1.0.1-gdx/jlayer-1.0.1-gdx.jar:/Users/njalpedersen/.m2/repository/org/jcraft/jorbis/0.0.17/jorbis-0.0.17.jar:/Users/njalpedersen/.m2/repository/com/badlogicgames/gdx/gdx-backend-headless/1.12.1/gdx-backend-headless-1.12.1.jar:/Users/njalpedersen/.m2/repository/org/junit/jupiter/junit-jupiter/5.10.2/junit-jupiter-5.10.2.jar:/Users/njalpedersen/.m2/repository/org/junit/jupiter/junit-jupiter-api/5.10.2/junit-jupiter-api-5.10.2.jar:/Users/njalpedersen/.m2/repository/org/opentest4j/opentest4j/1.3.0/opentest4j-1.3.0.jar:/Users/njalpedersen/.m2/repository/org/junit/platform/junit-platform-commons/1.10.2/junit-platform-commons-1.10.2.jar:/Users/njalpedersen/.m2/repository/org/apiguardian/apiguardian-api/1.1.2/apiguardian-api-1.1.2.jar:/Users/njalpedersen/.m2/repository/org/junit/jupiter/junit-jupiter-params/5.10.2/junit-jupiter-params-5.10.2.jar:/Users/njalpedersen/.m2/repository/org/junit/jupiter/junit-jupiter-engine/5.10.2/junit-jupiter-engine-5.10.2.jar:/Users/njalpedersen/.m2/repository/org/junit/platform/junit-platform-engine/1.10.2/junit-platform-engine-1.10.2.jar:/Users/njalpedersen/.m2/repository/org/slf4j/slf4j-api/2.0.11/slf4j-api-2.0.11.jar:/Users/njalpedersen/.m2/repository/org/slf4j/slf4j-simple/2.0.11/slf4j-simple-2.0.11.jar:/Users/njalpedersen/.m2/repository/com/badlogicgames/gdx/gdx-box2d-platform/1.12.1/gdx-box2d-platform-1.12.1-natives-desktop.jar:/Users/njalpedersen/.m2/repository/junit/junit/4.13.2/junit-4.13.2.jar:/Users/njalpedersen/.m2/repository/org/hamcrest/hamcrest-core/1.3/hamcrest-core-1.3.jar:/Users/njalpedersen/.m2/repository/org/mockito/mockito-core/5.11.0/mockito-core-5.11.0.jar:/Users/njalpedersen/.m2/repository/net/bytebuddy/byte-buddy/1.14.12/byte-buddy-1.14.12.jar:/Users/njalpedersen/.m2/repository/net/bytebuddy/byte-buddy-agent/1.14.12/byte-buddy-agent-1.14.12.jar:/Users/njalpedersen/.m2/repository/org/objenesis/objenesis/3.3/objenesis-3.3.jar:/Users/njalpedersen/.m2/repository/com/badlogicgames/gdx/gdx-lwjgl3-glfw-awt-macos/1.12.1/gdx-lwjgl3-glfw-awt-macos-1.12.1.jar:"/>
    <property name="sun.cpu.endian" value="little"/>
    <property name="user.home" value="/Users/njalpedersen"/>
    <property name="user.language" value="nb"/>
    <property name="java.specification.vendor" value="Oracle Corporation"/>
    <property name="java.version.date" value="2023-01-17"/>
    <property name="java.home" value="/opt/homebrew/Cellar/openjdk/19.0.2/libexec/openjdk.jdk/Contents/Home"/>
    <property name="file.separator" value="/"/>
    <property name="basedir" value="/Users/njalpedersen/Documents/Dokumenter – njåls MacBook Pro/4. semester/INF112/java-jedi"/>
    <property name="java.vm.compressedOopsMode" value="Zero based"/>
    <property name="line.separator" value="&#10;"/>
    <property name="java.vm.specification.vendor" value="Oracle Corporation"/>
    <property name="java.specification.name" value="Java Platform API Specification"/>
    <property name="apple.awt.application.name" value="ForkedBooter"/>
    <property name="surefire.real.class.path" value="/Users/njalpedersen/Documents/Dokumenter – njåls MacBook Pro/4. semester/INF112/java-jedi/target/surefire/surefirebooter-20240503051108549_3.jar"/>
    <property name="sun.management.compiler" value="HotSpot 64-Bit Tiered Compilers"/>
    <property name="ftp.nonProxyHosts" value="local|*.local|169.254/16|*.169.254/16"/>
    <property name="java.runtime.version" value="19.0.2"/>
    <property name="user.name" value="njalpedersen"/>
    <property name="stdout.encoding" value="UTF-8"/>
    <property name="path.separator" value=":"/>
    <property name="os.version" value="14.4.1"/>
    <property name="java.runtime.name" value="OpenJDK Runtime Environment"/>
    <property name="file.encoding" value="UTF-8"/>
    <property name="java.vm.name" value="OpenJDK 64-Bit Server VM"/>
    <property name="java.vendor.version" value="Homebrew"/>
    <property name="localRepository" value="/Users/njalpedersen/.m2/repository"/>
    <property name="java.vendor.url.bug" value="https://github.com/Homebrew/homebrew-core/issues"/>
    <property name="java.io.tmpdir" value="/var/folders/rm/fqwwr80d5fz6d4gnycfgb0dh0000gn/T/"/>
    <property name="java.version" value="19.0.2"/>
    <property name="user.dir" value="/Users/njalpedersen/Documents/Dokumenter – njåls MacBook Pro/4. semester/INF112/java-jedi"/>
    <property name="os.arch" value="aarch64"/>
    <property name="java.vm.specification.name" value="Java Virtual Machine Specification"/>
    <property name="native.encoding" value="UTF-8"/>
    <property name="java.library.path" value="/Users/njalpedersen/Library/Java/Extensions:/Library/Java/Extensions:/Network/Library/Java/Extensions:/System/Library/Java/Extensions:/usr/lib/java:."/>
    <property name="java.vm.info" value="mixed mode, sharing"/>
    <property name="stderr.encoding" value="UTF-8"/>
    <property name="java.vendor" value="Homebrew"/>
    <property name="java.vm.version" value="19.0.2"/>
    <property name="sun.io.unicode.encoding" value="UnicodeBig"/>
    <property name="socksNonProxyHosts" value="local|*.local|169.254/16|*.169.254/16"/>
    <property name="java.class.version" value="63.0"/>
  </properties>
  <testcase name="returnsCorrectMusic" classname="inf112.skeleton.app.model.audio.MusicEventTest" time="0.082"/>
  <testcase name="TestExeptions" classname="inf112.skeleton.app.model.audio.MusicEventTest" time="0.001"/>
</testsuite>